This file contains any messages produced by compilers while
running configure, to aid debugging if configure makes a mistake.

It was created by 3Depict configure 0.0.19, which was
generated by GNU Autoconf 2.69.  Invocation command line was

  $ ./configure --disable-debug-checks --disable-ubsan

## --------- ##
## Platform. ##
## --------- ##

hostname = lgartmair-GA-H81M-D2V
uname -m = x86_64
uname -r = 4.4.0-53-generic
uname -s = Linux
uname -v = #74-Ubuntu SMP Fri Dec 2 15:59:10 UTC 2016

/usr/bin/uname -p = unknown
/bin/uname -X     = unknown

/bin/arch              = unknown
/usr/bin/arch -k       = unknown
/usr/convex/getsysinfo = unknown
/usr/bin/hostinfo      = unknown
/bin/machine           = unknown
/usr/bin/oslevel       = unknown
/bin/universe          = unknown

PATH: /home/lukas/bin
PATH: /home/lukas/.local/bin
PATH: /usr/local/sbin
PATH: /usr/local/bin
PATH: /usr/sbin
PATH: /usr/bin
PATH: /sbin
PATH: /bin
PATH: /usr/games
PATH: /usr/local/games
PATH: /snap/bin


## ----------- ##
## Core tests. ##
## ----------- ##

configure:2782: checking for a BSD-compatible install
configure:2850: result: /usr/bin/install -c
configure:2861: checking whether build environment is sane
configure:2916: result: yes
configure:3067: checking for a thread-safe mkdir -p
configure:3106: result: /bin/mkdir -p
configure:3113: checking for gawk
configure:3129: found /usr/bin/gawk
configure:3140: result: gawk
configure:3151: checking whether make sets $(MAKE)
configure:3173: result: yes
configure:3202: checking whether make supports nested variables
configure:3219: result: yes
configure:3403: checking for g++
configure:3419: found /usr/bin/g++
configure:3430: result: g++
configure:3457: checking for C++ compiler version
configure:3466: g++ --version >&5
g++ (Ubuntu 5.4.0-6ubuntu1~16.04.4) 5.4.0 20160609
Copyright (C) 2015 Free Software Foundation, Inc.
This is free software; see the source for copying conditions.  There is NO
warranty; not even for MERCHANTABILITY or FITNESS FOR A PARTICULAR PURPOSE.

configure:3477: $? = 0
configure:3466: g++ -v >&5
Using built-in specs.
COLLECT_GCC=g++
COLLECT_LTO_WRAPPER=/usr/lib/gcc/x86_64-linux-gnu/5/lto-wrapper
Target: x86_64-linux-gnu
Configured with: ../src/configure -v --with-pkgversion='Ubuntu 5.4.0-6ubuntu1~16.04.4' --with-bugurl=file:///usr/share/doc/gcc-5/README.Bugs --enable-languages=c,ada,c++,java,go,d,fortran,objc,obj-c++ --prefix=/usr --program-suffix=-5 --enable-shared --enable-linker-build-id --libexecdir=/usr/lib --without-included-gettext --enable-threads=posix --libdir=/usr/lib --enable-nls --with-sysroot=/ --enable-clocale=gnu --enable-libstdcxx-debug --enable-libstdcxx-time=yes --with-default-libstdcxx-abi=new --enable-gnu-unique-object --disable-vtable-verify --enable-libmpx --enable-plugin --with-system-zlib --disable-browser-plugin --enable-java-awt=gtk --enable-gtk-cairo --with-java-home=/usr/lib/jvm/java-1.5.0-gcj-5-amd64/jre --enable-java-home --with-jvm-root-dir=/usr/lib/jvm/java-1.5.0-gcj-5-amd64 --with-jvm-jar-dir=/usr/lib/jvm-exports/java-1.5.0-gcj-5-amd64 --with-arch-directory=amd64 --with-ecj-jar=/usr/share/java/eclipse-ecj.jar --enable-objc-gc --enable-multiarch --disable-werror --with-arch-32=i686 --with-abi=m64 --with-multilib-list=m32,m64,mx32 --enable-multilib --with-tune=generic --enable-checking=release --build=x86_64-linux-gnu --host=x86_64-linux-gnu --target=x86_64-linux-gnu
Thread model: posix
gcc version 5.4.0 20160609 (Ubuntu 5.4.0-6ubuntu1~16.04.4) 
configure:3477: $? = 0
configure:3466: g++ -V >&5
g++: error: unrecognized command line option '-V'
g++: fatal error: no input files
compilation terminated.
configure:3477: $? = 1
configure:3466: g++ -qversion >&5
g++: error: unrecognized command line option '-qversion'
g++: fatal error: no input files
compilation terminated.
configure:3477: $? = 1
configure:3497: checking whether the C++ compiler works
configure:3519: g++    conftest.cpp  >&5
configure:3523: $? = 0
configure:3571: result: yes
configure:3574: checking for C++ compiler default output file name
configure:3576: result: a.out
configure:3582: checking for suffix of executables
configure:3589: g++ -o conftest    conftest.cpp  >&5
configure:3593: $? = 0
configure:3615: result: 
configure:3637: checking whether we are cross compiling
configure:3645: g++ -o conftest    conftest.cpp  >&5
configure:3649: $? = 0
configure:3656: ./conftest
configure:3660: $? = 0
configure:3675: result: no
configure:3680: checking for suffix of object files
configure:3702: g++ -c   conftest.cpp >&5
configure:3706: $? = 0
configure:3727: result: o
configure:3731: checking whether we are using the GNU C++ compiler
configure:3750: g++ -c   conftest.cpp >&5
configure:3750: $? = 0
configure:3759: result: yes
configure:3768: checking whether g++ accepts -g
configure:3788: g++ -c -g  conftest.cpp >&5
configure:3788: $? = 0
configure:3829: result: yes
configure:3863: checking for style of include used by make
configure:3891: result: GNU
configure:3917: checking dependency style of g++
configure:4028: result: gcc3
configure:4091: checking for gcc
configure:4107: found /usr/bin/gcc
configure:4118: result: gcc
configure:4347: checking for C compiler version
configure:4356: gcc --version >&5
gcc (Ubuntu 5.4.0-6ubuntu1~16.04.4) 5.4.0 20160609
Copyright (C) 2015 Free Software Foundation, Inc.
This is free software; see the source for copying conditions.  There is NO
warranty; not even for MERCHANTABILITY or FITNESS FOR A PARTICULAR PURPOSE.

configure:4367: $? = 0
configure:4356: gcc -v >&5
Using built-in specs.
COLLECT_GCC=gcc
COLLECT_LTO_WRAPPER=/usr/lib/gcc/x86_64-linux-gnu/5/lto-wrapper
Target: x86_64-linux-gnu
Configured with: ../src/configure -v --with-pkgversion='Ubuntu 5.4.0-6ubuntu1~16.04.4' --with-bugurl=file:///usr/share/doc/gcc-5/README.Bugs --enable-languages=c,ada,c++,java,go,d,fortran,objc,obj-c++ --prefix=/usr --program-suffix=-5 --enable-shared --enable-linker-build-id --libexecdir=/usr/lib --without-included-gettext --enable-threads=posix --libdir=/usr/lib --enable-nls --with-sysroot=/ --enable-clocale=gnu --enable-libstdcxx-debug --enable-libstdcxx-time=yes --with-default-libstdcxx-abi=new --enable-gnu-unique-object --disable-vtable-verify --enable-libmpx --enable-plugin --with-system-zlib --disable-browser-plugin --enable-java-awt=gtk --enable-gtk-cairo --with-java-home=/usr/lib/jvm/java-1.5.0-gcj-5-amd64/jre --enable-java-home --with-jvm-root-dir=/usr/lib/jvm/java-1.5.0-gcj-5-amd64 --with-jvm-jar-dir=/usr/lib/jvm-exports/java-1.5.0-gcj-5-amd64 --with-arch-directory=amd64 --with-ecj-jar=/usr/share/java/eclipse-ecj.jar --enable-objc-gc --enable-multiarch --disable-werror --with-arch-32=i686 --with-abi=m64 --with-multilib-list=m32,m64,mx32 --enable-multilib --with-tune=generic --enable-checking=release --build=x86_64-linux-gnu --host=x86_64-linux-gnu --target=x86_64-linux-gnu
Thread model: posix
gcc version 5.4.0 20160609 (Ubuntu 5.4.0-6ubuntu1~16.04.4) 
configure:4367: $? = 0
configure:4356: gcc -V >&5
gcc: error: unrecognized command line option '-V'
gcc: fatal error: no input files
compilation terminated.
configure:4367: $? = 1
configure:4356: gcc -qversion >&5
gcc: error: unrecognized command line option '-qversion'
gcc: fatal error: no input files
compilation terminated.
configure:4367: $? = 1
configure:4371: checking whether we are using the GNU C compiler
configure:4390: gcc -c   conftest.c >&5
configure:4390: $? = 0
configure:4399: result: yes
configure:4408: checking whether gcc accepts -g
configure:4428: gcc -c -g  conftest.c >&5
configure:4428: $? = 0
configure:4469: result: yes
configure:4486: checking for gcc option to accept ISO C89
configure:4549: gcc  -c -g -O2  conftest.c >&5
configure:4549: $? = 0
configure:4562: result: none needed
configure:4587: checking whether gcc understands -c and -o together
configure:4609: gcc -c conftest.c -o conftest2.o
configure:4612: $? = 0
configure:4609: gcc -c conftest.c -o conftest2.o
configure:4612: $? = 0
configure:4624: result: yes
configure:4643: checking dependency style of gcc
configure:4754: result: gcc3
configure:4876: checking how to run the C preprocessor
configure:4907: gcc -E  conftest.c
configure:4907: $? = 0
configure:4921: gcc -E  conftest.c
conftest.c:11:28: fatal error: ac_nonexistent.h: No such file or directory
compilation terminated.
configure:4921: $? = 1
configure: failed program was:
| /* confdefs.h */
| #define PACKAGE_NAME "3Depict"
| #define PACKAGE_TARNAME "3depict"
| #define PACKAGE_VERSION "0.0.19"
| #define PACKAGE_STRING "3Depict 0.0.19"
| #define PACKAGE_BUGREPORT ""
| #define PACKAGE_URL ""
| #define PACKAGE "3depict"
| #define VERSION "0.0.19"
| /* end confdefs.h.  */
| #include <ac_nonexistent.h>
configure:4946: result: gcc -E
configure:4966: gcc -E  conftest.c
configure:4966: $? = 0
configure:4980: gcc -E  conftest.c
conftest.c:11:28: fatal error: ac_nonexistent.h: No such file or directory
compilation terminated.
configure:4980: $? = 1
configure: failed program was:
| /* confdefs.h */
| #define PACKAGE_NAME "3Depict"
| #define PACKAGE_TARNAME "3depict"
| #define PACKAGE_VERSION "0.0.19"
| #define PACKAGE_STRING "3Depict 0.0.19"
| #define PACKAGE_BUGREPORT ""
| #define PACKAGE_URL ""
| #define PACKAGE "3depict"
| #define VERSION "0.0.19"
| /* end confdefs.h.  */
| #include <ac_nonexistent.h>
configure:5009: checking for grep that handles long lines and -e
configure:5067: result: /bin/grep
configure:5072: checking for egrep
configure:5134: result: /bin/grep -E
configure:5139: checking for ANSI C header files
configure:5159: gcc -c -g -O2  conftest.c >&5
configure:5159: $? = 0
configure:5232: gcc -o conftest -g -O2   conftest.c  >&5
configure:5232: $? = 0
configure:5232: ./conftest
configure:5232: $? = 0
configure:5243: result: yes
configure:5256: checking for sys/types.h
configure:5256: gcc -c -g -O2  conftest.c >&5
configure:5256: $? = 0
configure:5256: result: yes
configure:5256: checking for sys/stat.h
configure:5256: gcc -c -g -O2  conftest.c >&5
configure:5256: $? = 0
configure:5256: result: yes
configure:5256: checking for stdlib.h
configure:5256: gcc -c -g -O2  conftest.c >&5
configure:5256: $? = 0
configure:5256: result: yes
configure:5256: checking for string.h
configure:5256: gcc -c -g -O2  conftest.c >&5
configure:5256: $? = 0
configure:5256: result: yes
configure:5256: checking for memory.h
configure:5256: gcc -c -g -O2  conftest.c >&5
configure:5256: $? = 0
configure:5256: result: yes
configure:5256: checking for strings.h
configure:5256: gcc -c -g -O2  conftest.c >&5
configure:5256: $? = 0
configure:5256: result: yes
configure:5256: checking for inttypes.h
configure:5256: gcc -c -g -O2  conftest.c >&5
configure:5256: $? = 0
configure:5256: result: yes
configure:5256: checking for stdint.h
configure:5256: gcc -c -g -O2  conftest.c >&5
configure:5256: $? = 0
configure:5256: result: yes
configure:5256: checking for unistd.h
configure:5256: gcc -c -g -O2  conftest.c >&5
configure:5256: $? = 0
configure:5256: result: yes
configure:5272: checking size of size_t
configure:5277: gcc -o conftest -g -O2   conftest.c  >&5
configure:5277: $? = 0
configure:5277: ./conftest
configure:5277: $? = 0
configure:5291: result: 8
configure:5307: checking build system type
configure:5321: result: x86_64-pc-linux-gnu
configure:5341: checking host system type
configure:5354: result: x86_64-pc-linux-gnu
configure:5677: checking for wx-config
configure:5696: found /usr/local/bin/wx-config
configure:5709: result: /usr/local/bin/wx-config
configure:5724: checking for wxWidgets version >= 3.0.0
configure:5771: result: yes (version 3.1.0)
configure:5775: checking for wxWidgets static library
configure:5779: result: no
configure:5908: result: Want windres... no
configure:5949: checking for xml2-config
configure:5965: found /usr/bin/xml2-config
configure:5976: result: xml2-config
configure:6074: checking for freetype-config
configure:6092: found /usr/bin/freetype-config
configure:6104: result: /usr/bin/freetype-config
configure:6148: checking ft2build.h usability
configure:6148: gcc -c -g -O2  -I/usr/include/freetype2 conftest.c >&5
configure:6148: $? = 0
configure:6148: result: yes
configure:6148: checking ft2build.h presence
configure:6148: gcc -E  -I/usr/include/freetype2 conftest.c
configure:6148: $? = 0
configure:6148: result: yes
configure:6148: checking for ft2build.h
configure:6148: result: yes
configure:6159: checking for main in -lfreetype
configure:6178: gcc -o conftest -g -O2  -I/usr/include/freetype2   conftest.c -lfreetype   >&5
configure:6178: $? = 0
configure:6187: result: yes
configure:6266: checking for pkg-config
configure:6284: found /usr/bin/pkg-config
configure:6296: result: /usr/bin/pkg-config
configure:6321: checking pkg-config is at least version 0.9.0
configure:6324: result: yes
configure:6338: checking how to run the C++ preprocessor
configure:6365: g++ -E  conftest.cpp
configure:6365: $? = 0
configure:6379: g++ -E  conftest.cpp
conftest.cpp:25:28: fatal error: ac_nonexistent.h: No such file or directory
compilation terminated.
configure:6379: $? = 1
configure: failed program was:
| /* confdefs.h */
| #define PACKAGE_NAME "3Depict"
| #define PACKAGE_TARNAME "3depict"
| #define PACKAGE_VERSION "0.0.19"
| #define PACKAGE_STRING "3Depict 0.0.19"
| #define PACKAGE_BUGREPORT ""
| #define PACKAGE_URL ""
| #define PACKAGE "3depict"
| #define VERSION "0.0.19"
| #define STDC_HEADERS 1
| #define HAVE_SYS_TYPES_H 1
| #define HAVE_SYS_STAT_H 1
| #define HAVE_STDLIB_H 1
| #define HAVE_STRING_H 1
| #define HAVE_MEMORY_H 1
| #define HAVE_STRINGS_H 1
| #define HAVE_INTTYPES_H 1
| #define HAVE_STDINT_H 1
| #define HAVE_UNISTD_H 1
| #define SIZEOF_SIZE_T 8
| #define HAVE_LIBXML 1
| #define HAVE_FT2BUILD_H 1
| #define HAVE_LIBFREETYPE 1
| /* end confdefs.h.  */
| #include <ac_nonexistent.h>
configure:6404: result: g++ -E
configure:6424: g++ -E  conftest.cpp
configure:6424: $? = 0
configure:6438: g++ -E  conftest.cpp
conftest.cpp:25:28: fatal error: ac_nonexistent.h: No such file or directory
compilation terminated.
configure:6438: $? = 1
configure: failed program was:
| /* confdefs.h */
| #define PACKAGE_NAME "3Depict"
| #define PACKAGE_TARNAME "3depict"
| #define PACKAGE_VERSION "0.0.19"
| #define PACKAGE_STRING "3Depict 0.0.19"
| #define PACKAGE_BUGREPORT ""
| #define PACKAGE_URL ""
| #define PACKAGE "3depict"
| #define VERSION "0.0.19"
| #define STDC_HEADERS 1
| #define HAVE_SYS_TYPES_H 1
| #define HAVE_SYS_STAT_H 1
| #define HAVE_STDLIB_H 1
| #define HAVE_STRING_H 1
| #define HAVE_MEMORY_H 1
| #define HAVE_STRINGS_H 1
| #define HAVE_INTTYPES_H 1
| #define HAVE_STDINT_H 1
| #define HAVE_UNISTD_H 1
| #define SIZEOF_SIZE_T 8
| #define HAVE_LIBXML 1
| #define HAVE_FT2BUILD_H 1
| #define HAVE_LIBFREETYPE 1
| /* end confdefs.h.  */
| #include <ac_nonexistent.h>
configure:6470: checking for ftgl
configure:6594: checking for ftglCreateSimpleLayout in -lftgl
configure:6619: g++ -o conftest -g -O2   conftest.cpp -lftgl -lm    >&5
configure:6619: $? = 0
configure:6628: result: yes
configure:6666: g++ -E  conftest.cpp
conftest.cpp:26:18: fatal error: FTGL.h: No such file or directory
compilation terminated.
configure:6666: $? = 1
configure: failed program was:
| /* confdefs.h */
| #define PACKAGE_NAME "3Depict"
| #define PACKAGE_TARNAME "3depict"
| #define PACKAGE_VERSION "0.0.19"
| #define PACKAGE_STRING "3Depict 0.0.19"
| #define PACKAGE_BUGREPORT ""
| #define PACKAGE_URL ""
| #define PACKAGE "3depict"
| #define VERSION "0.0.19"
| #define STDC_HEADERS 1
| #define HAVE_SYS_TYPES_H 1
| #define HAVE_SYS_STAT_H 1
| #define HAVE_STDLIB_H 1
| #define HAVE_STRING_H 1
| #define HAVE_MEMORY_H 1
| #define HAVE_STRINGS_H 1
| #define HAVE_INTTYPES_H 1
| #define HAVE_STDINT_H 1
| #define HAVE_UNISTD_H 1
| #define SIZEOF_SIZE_T 8
| #define HAVE_LIBXML 1
| #define HAVE_FT2BUILD_H 1
| #define HAVE_LIBFREETYPE 1
| #define HAVE_LIBFTGL 1
| /* end confdefs.h.  */
| #include <FTGL.h>
configure:6679: g++ -E  conftest.cpp
conftest.cpp:26:23: fatal error: FTGL/FTGL.h: No such file or directory
compilation terminated.
configure:6679: $? = 1
configure: failed program was:
| /* confdefs.h */
| #define PACKAGE_NAME "3Depict"
| #define PACKAGE_TARNAME "3depict"
| #define PACKAGE_VERSION "0.0.19"
| #define PACKAGE_STRING "3Depict 0.0.19"
| #define PACKAGE_BUGREPORT ""
| #define PACKAGE_URL ""
| #define PACKAGE "3depict"
| #define VERSION "0.0.19"
| #define STDC_HEADERS 1
| #define HAVE_SYS_TYPES_H 1
| #define HAVE_SYS_STAT_H 1
| #define HAVE_STDLIB_H 1
| #define HAVE_STRING_H 1
| #define HAVE_MEMORY_H 1
| #define HAVE_STRINGS_H 1
| #define HAVE_INTTYPES_H 1
| #define HAVE_STDINT_H 1
| #define HAVE_UNISTD_H 1
| #define SIZEOF_SIZE_T 8
| #define HAVE_LIBXML 1
| #define HAVE_FT2BUILD_H 1
| #define HAVE_LIBFREETYPE 1
| #define HAVE_LIBFTGL 1
| /* end confdefs.h.  */
| #include <FTGL/FTGL.h>
configure:6746: result:  yes 
configure:6780: checking qhull/qhull_a.h usability
configure:6780: gcc -c -g -O2   conftest.c >&5
configure:6780: $? = 0
configure:6780: result: yes
configure:6780: checking qhull/qhull_a.h presence
configure:6780: gcc -E  conftest.c
configure:6780: $? = 0
configure:6780: result: yes
configure:6780: checking for qhull/qhull_a.h
configure:6780: result: yes
configure:6799: checking for qh_qhull in -lqhull
configure:6824: gcc -o conftest -g -O2    conftest.c -lqhull   -lqhull  >&5
configure:6824: $? = 0
configure:6833: result: yes
configure:6876: checking for png_create_write_struct_2  in -lpng
configure:6901: gcc -o conftest -g -O2   conftest.c -lpng -lm  >&5
configure:6901: $? = 0
configure:6910: result: yes
configure:7019: checking png.h usability
configure:7019: gcc -c -g -O2   conftest.c >&5
configure:7019: $? = 0
configure:7019: result: yes
configure:7019: checking png.h presence
configure:7019: gcc -E  conftest.c
configure:7019: $? = 0
configure:7019: result: yes
configure:7019: checking for png.h
configure:7019: result: yes
configure:7032: checking for png_sig_cmp in -lpng
configure:7057: gcc -o conftest -g -O2    conftest.c -lpng -lz -lm  -lpng  >&5
configure:7057: $? = 0
configure:7066: result: yes
configure:7203: checking for gluSphere in -lGLU
configure:7228: gcc -o conftest -g -O2   conftest.c -lGLU   >&5
configure:7228: $? = 0
configure:7237: result: yes
configure:7296: checking mgl2/mgl_cf.h usability
configure:7296: g++ -c -g -O2  conftest.cpp >&5
configure:7296: $? = 0
configure:7296: result: yes
configure:7296: checking mgl2/mgl_cf.h presence
configure:7296: g++ -E  conftest.cpp
configure:7296: $? = 0
configure:7296: result: yes
configure:7296: checking for mgl2/mgl_cf.h
configure:7296: result: yes
configure:7373: checking for gsl-config
configure:7391: found /usr/bin/gsl-config
configure:7404: result: /usr/bin/gsl-config
configure:7413: checking for GSL - version >= 1.1
configure:7507: gcc -o conftest -g -O2 -I/usr/include   conftest.c  -L/usr/lib/x86_64-linux-gnu -lgsl -lgslcblas -lm >&5
conftest.c: In function 'main':
conftest.c:60:3: warning: ignoring return value of 'system', declared with attribute warn_unused_result [-Wunused-result]
   system ("touch conf.gsltest");
   ^
configure:7507: $? = 0
configure:7507: ./conftest
configure:7507: $? = 0
configure:7521: result: yes
configure:7588: checking  for libintl  
configure:7621: result:  no 
configure:7636: checking vigra/multi_array.hxx usability
configure:7636: g++ -c -g -O2  conftest.cpp >&5
configure:7636: $? = 0
configure:7636: result: yes
configure:7636: checking vigra/multi_array.hxx presence
configure:7636: g++ -E  conftest.cpp
configure:7636: $? = 0
configure:7636: result: yes
configure:7636: checking for vigra/multi_array.hxx
configure:7636: result: yes
configure:7845: checking for stdbool.h that conforms to C99
configure:7912: gcc -c -g -O2  conftest.c >&5
configure:7912: $? = 0
configure:7919: result: yes
configure:7921: checking for _Bool
configure:7921: gcc -c -g -O2  conftest.c >&5
configure:7921: $? = 0
configure:7921: gcc -c -g -O2  conftest.c >&5
conftest.c: In function 'main':
conftest.c:68:20: error: expected expression before ')' token
 if (sizeof ((_Bool)))
                    ^
configure:7921: $? = 1
configure: failed program was:
| /* confdefs.h */
| #define PACKAGE_NAME "3Depict"
| #define PACKAGE_TARNAME "3depict"
| #define PACKAGE_VERSION "0.0.19"
| #define PACKAGE_STRING "3Depict 0.0.19"
| #define PACKAGE_BUGREPORT ""
| #define PACKAGE_URL ""
| #define PACKAGE "3depict"
| #define VERSION "0.0.19"
| #define STDC_HEADERS 1
| #define HAVE_SYS_TYPES_H 1
| #define HAVE_SYS_STAT_H 1
| #define HAVE_STDLIB_H 1
| #define HAVE_STRING_H 1
| #define HAVE_MEMORY_H 1
| #define HAVE_STRINGS_H 1
| #define HAVE_INTTYPES_H 1
| #define HAVE_STDINT_H 1
| #define HAVE_UNISTD_H 1
| #define SIZEOF_SIZE_T 8
| #define HAVE_LIBXML 1
| #define HAVE_FT2BUILD_H 1
| #define HAVE_LIBFREETYPE 1
| #define HAVE_LIBFTGL 1
| #define HAVE_QHULL /**/
| #define HAVE_QHULL /**/
| #define HAVE_PNG /**/
| #define HAVE_PNG /**/
| #define USE_MGL2 1 
| #define HAVE_VIGRA /**/
| /* end confdefs.h.  */
| #include <stdio.h>
| #ifdef HAVE_SYS_TYPES_H
| # include <sys/types.h>
| #endif
| #ifdef HAVE_SYS_STAT_H
| # include <sys/stat.h>
| #endif
| #ifdef STDC_HEADERS
| # include <stdlib.h>
| # include <stddef.h>
| #else
| # ifdef HAVE_STDLIB_H
| #  include <stdlib.h>
| # endif
| #endif
| #ifdef HAVE_STRING_H
| # if !defined STDC_HEADERS && defined HAVE_MEMORY_H
| #  include <memory.h>
| # endif
| # include <string.h>
| #endif
| #ifdef HAVE_STRINGS_H
| # include <strings.h>
| #endif
| #ifdef HAVE_INTTYPES_H
| # include <inttypes.h>
| #endif
| #ifdef HAVE_STDINT_H
| # include <stdint.h>
| #endif
| #ifdef HAVE_UNISTD_H
| # include <unistd.h>
| #endif
| int
| main ()
| {
| if (sizeof ((_Bool)))
| 	    return 0;
|   ;
|   return 0;
| }
configure:7921: result: yes
configure:7938: checking for an ANSI C-conforming const
configure:8004: gcc -c -g -O2  conftest.c >&5
configure:8004: $? = 0
configure:8011: result: yes
configure:8019: checking for size_t
configure:8019: gcc -c -g -O2  conftest.c >&5
configure:8019: $? = 0
configure:8019: gcc -c -g -O2  conftest.c >&5
conftest.c: In function 'main':
conftest.c:70:21: error: expected expression before ')' token
 if (sizeof ((size_t)))
                     ^
configure:8019: $? = 1
configure: failed program was:
| /* confdefs.h */
| #define PACKAGE_NAME "3Depict"
| #define PACKAGE_TARNAME "3depict"
| #define PACKAGE_VERSION "0.0.19"
| #define PACKAGE_STRING "3Depict 0.0.19"
| #define PACKAGE_BUGREPORT ""
| #define PACKAGE_URL ""
| #define PACKAGE "3depict"
| #define VERSION "0.0.19"
| #define STDC_HEADERS 1
| #define HAVE_SYS_TYPES_H 1
| #define HAVE_SYS_STAT_H 1
| #define HAVE_STDLIB_H 1
| #define HAVE_STRING_H 1
| #define HAVE_MEMORY_H 1
| #define HAVE_STRINGS_H 1
| #define HAVE_INTTYPES_H 1
| #define HAVE_STDINT_H 1
| #define HAVE_UNISTD_H 1
| #define SIZEOF_SIZE_T 8
| #define HAVE_LIBXML 1
| #define HAVE_FT2BUILD_H 1
| #define HAVE_LIBFREETYPE 1
| #define HAVE_LIBFTGL 1
| #define HAVE_QHULL /**/
| #define HAVE_QHULL /**/
| #define HAVE_PNG /**/
| #define HAVE_PNG /**/
| #define USE_MGL2 1 
| #define HAVE_VIGRA /**/
| #define HAVE__BOOL 1
| #define HAVE_STDBOOL_H 1
| /* end confdefs.h.  */
| #include <stdio.h>
| #ifdef HAVE_SYS_TYPES_H
| # include <sys/types.h>
| #endif
| #ifdef HAVE_SYS_STAT_H
| # include <sys/stat.h>
| #endif
| #ifdef STDC_HEADERS
| # include <stdlib.h>
| # include <stddef.h>
| #else
| # ifdef HAVE_STDLIB_H
| #  include <stdlib.h>
| # endif
| #endif
| #ifdef HAVE_STRING_H
| # if !defined STDC_HEADERS && defined HAVE_MEMORY_H
| #  include <memory.h>
| # endif
| # include <string.h>
| #endif
| #ifdef HAVE_STRINGS_H
| # include <strings.h>
| #endif
| #ifdef HAVE_INTTYPES_H
| # include <inttypes.h>
| #endif
| #ifdef HAVE_STDINT_H
| # include <stdint.h>
| #endif
| #ifdef HAVE_UNISTD_H
| # include <unistd.h>
| #endif
| int
| main ()
| {
| if (sizeof ((size_t)))
| 	    return 0;
|   ;
|   return 0;
| }
configure:8019: result: yes
configure:8030: checking for uint64_t
configure:8030: gcc -c -g -O2  conftest.c >&5
configure:8030: $? = 0
configure:8030: result: yes
configure:8049: checking for atexit
configure:8049: gcc -o conftest -g -O2    conftest.c  -lopenvdb -ltbb -lHalf >&5
configure:8049: $? = 0
configure:8049: result: yes
configure:8049: checking for sqrt
configure:8049: gcc -o conftest -g -O2    conftest.c  -lopenvdb -ltbb -lHalf >&5
conftest.c:58:6: warning: conflicting types for built-in function 'sqrt'
 char sqrt ();
      ^
/tmp/ccozcvRa.o: In function `main':
/home/lukas/3Depict_Isosurfaces/conftest.c:69: undefined reference to `sqrt'
collect2: error: ld returned 1 exit status
configure:8049: $? = 1
configure: failed program was:
| /* confdefs.h */
| #define PACKAGE_NAME "3Depict"
| #define PACKAGE_TARNAME "3depict"
| #define PACKAGE_VERSION "0.0.19"
| #define PACKAGE_STRING "3Depict 0.0.19"
| #define PACKAGE_BUGREPORT ""
| #define PACKAGE_URL ""
| #define PACKAGE "3depict"
| #define VERSION "0.0.19"
| #define STDC_HEADERS 1
| #define HAVE_SYS_TYPES_H 1
| #define HAVE_SYS_STAT_H 1
| #define HAVE_STDLIB_H 1
| #define HAVE_STRING_H 1
| #define HAVE_MEMORY_H 1
| #define HAVE_STRINGS_H 1
| #define HAVE_INTTYPES_H 1
| #define HAVE_STDINT_H 1
| #define HAVE_UNISTD_H 1
| #define SIZEOF_SIZE_T 8
| #define HAVE_LIBXML 1
| #define HAVE_FT2BUILD_H 1
| #define HAVE_LIBFREETYPE 1
| #define HAVE_LIBFTGL 1
| #define HAVE_QHULL /**/
| #define HAVE_QHULL /**/
| #define HAVE_PNG /**/
| #define HAVE_PNG /**/
| #define USE_MGL2 1 
| #define HAVE_VIGRA /**/
| #define HAVE__BOOL 1
| #define HAVE_STDBOOL_H 1
| #define HAVE_ATEXIT 1
| /* end confdefs.h.  */
| /* Define sqrt to an innocuous variant, in case <limits.h> declares sqrt.
|    For example, HP-UX 11i <limits.h> declares gettimeofday.  */
| #define sqrt innocuous_sqrt
| 
| /* System header to define __stub macros and hopefully few prototypes,
|     which can conflict with char sqrt (); below.
|     Prefer <limits.h> to <assert.h> if __STDC__ is defined, since
|     <limits.h> exists even on freestanding compilers.  */
| 
| #ifdef __STDC__
| # include <limits.h>
| #else
| # include <assert.h>
| #endif
| 
| #undef sqrt
| 
| /* Override any GCC internal prototype to avoid an error.
|    Use char because int might match the return type of a GCC
|    builtin and then its argument prototype would still apply.  */
| #ifdef __cplusplus
| extern "C"
| #endif
| char sqrt ();
| /* The GNU C library defines this for functions which it implements
|     to always fail with ENOSYS.  Some functions are actually named
|     something starting with __ and the normal name is an alias.  */
| #if defined __stub_sqrt || defined __stub___sqrt
| choke me
| #endif
| 
| int
| main ()
| {
| return sqrt ();
|   ;
|   return 0;
| }
configure:8049: result: no
configure:8061: checking for floor
configure:8061: gcc -o conftest -g -O2    conftest.c  -lopenvdb -ltbb -lHalf >&5
conftest.c:58:6: warning: conflicting types for built-in function 'floor'
 char floor ();
      ^
/tmp/ccPBRyId.o: In function `main':
/home/lukas/3Depict_Isosurfaces/conftest.c:69: undefined reference to `floor'
collect2: error: ld returned 1 exit status
configure:8061: $? = 1
configure: failed program was:
| /* confdefs.h */
| #define PACKAGE_NAME "3Depict"
| #define PACKAGE_TARNAME "3depict"
| #define PACKAGE_VERSION "0.0.19"
| #define PACKAGE_STRING "3Depict 0.0.19"
| #define PACKAGE_BUGREPORT ""
| #define PACKAGE_URL ""
| #define PACKAGE "3depict"
| #define VERSION "0.0.19"
| #define STDC_HEADERS 1
| #define HAVE_SYS_TYPES_H 1
| #define HAVE_SYS_STAT_H 1
| #define HAVE_STDLIB_H 1
| #define HAVE_STRING_H 1
| #define HAVE_MEMORY_H 1
| #define HAVE_STRINGS_H 1
| #define HAVE_INTTYPES_H 1
| #define HAVE_STDINT_H 1
| #define HAVE_UNISTD_H 1
| #define SIZEOF_SIZE_T 8
| #define HAVE_LIBXML 1
| #define HAVE_FT2BUILD_H 1
| #define HAVE_LIBFREETYPE 1
| #define HAVE_LIBFTGL 1
| #define HAVE_QHULL /**/
| #define HAVE_QHULL /**/
| #define HAVE_PNG /**/
| #define HAVE_PNG /**/
| #define USE_MGL2 1 
| #define HAVE_VIGRA /**/
| #define HAVE__BOOL 1
| #define HAVE_STDBOOL_H 1
| #define HAVE_ATEXIT 1
| /* end confdefs.h.  */
| /* Define floor to an innocuous variant, in case <limits.h> declares floor.
|    For example, HP-UX 11i <limits.h> declares gettimeofday.  */
| #define floor innocuous_floor
| 
| /* System header to define __stub macros and hopefully few prototypes,
|     which can conflict with char floor (); below.
|     Prefer <limits.h> to <assert.h> if __STDC__ is defined, since
|     <limits.h> exists even on freestanding compilers.  */
| 
| #ifdef __STDC__
| # include <limits.h>
| #else
| # include <assert.h>
| #endif
| 
| #undef floor
| 
| /* Override any GCC internal prototype to avoid an error.
|    Use char because int might match the return type of a GCC
|    builtin and then its argument prototype would still apply.  */
| #ifdef __cplusplus
| extern "C"
| #endif
| char floor ();
| /* The GNU C library defines this for functions which it implements
|     to always fail with ENOSYS.  Some functions are actually named
|     something starting with __ and the normal name is an alias.  */
| #if defined __stub_floor || defined __stub___floor
| choke me
| #endif
| 
| int
| main ()
| {
| return floor ();
|   ;
|   return 0;
| }
configure:8061: result: no
configure:8061: checking for getcwd
configure:8061: gcc -o conftest -g -O2    conftest.c  -lopenvdb -ltbb -lHalf >&5
configure:8061: $? = 0
configure:8061: result: yes
configure:8061: checking for gettimeofday
configure:8061: gcc -o conftest -g -O2    conftest.c  -lopenvdb -ltbb -lHalf >&5
configure:8061: $? = 0
configure:8061: result: yes
configure:8061: checking for isascii
configure:8061: gcc -o conftest -g -O2    conftest.c  -lopenvdb -ltbb -lHalf >&5
conftest.c:60:6: warning: conflicting types for built-in function 'isascii'
 char isascii ();
      ^
configure:8061: $? = 0
configure:8061: result: yes
configure:8061: checking for memset
configure:8061: gcc -o conftest -g -O2    conftest.c  -lopenvdb -ltbb -lHalf >&5
conftest.c:61:6: warning: conflicting types for built-in function 'memset'
 char memset ();
      ^
configure:8061: $? = 0
configure:8061: result: yes
configure:8073: checking for pow
configure:8073: gcc -o conftest -g -O2    conftest.c  -lopenvdb -ltbb -lHalf >&5
conftest.c:62:6: warning: conflicting types for built-in function 'pow'
 char pow ();
      ^
/tmp/ccVgJJmm.o: In function `main':
/home/lukas/3Depict_Isosurfaces/conftest.c:73: undefined reference to `pow'
collect2: error: ld returned 1 exit status
configure:8073: $? = 1
configure: failed program was:
| /* confdefs.h */
| #define PACKAGE_NAME "3Depict"
| #define PACKAGE_TARNAME "3depict"
| #define PACKAGE_VERSION "0.0.19"
| #define PACKAGE_STRING "3Depict 0.0.19"
| #define PACKAGE_BUGREPORT ""
| #define PACKAGE_URL ""
| #define PACKAGE "3depict"
| #define VERSION "0.0.19"
| #define STDC_HEADERS 1
| #define HAVE_SYS_TYPES_H 1
| #define HAVE_SYS_STAT_H 1
| #define HAVE_STDLIB_H 1
| #define HAVE_STRING_H 1
| #define HAVE_MEMORY_H 1
| #define HAVE_STRINGS_H 1
| #define HAVE_INTTYPES_H 1
| #define HAVE_STDINT_H 1
| #define HAVE_UNISTD_H 1
| #define SIZEOF_SIZE_T 8
| #define HAVE_LIBXML 1
| #define HAVE_FT2BUILD_H 1
| #define HAVE_LIBFREETYPE 1
| #define HAVE_LIBFTGL 1
| #define HAVE_QHULL /**/
| #define HAVE_QHULL /**/
| #define HAVE_PNG /**/
| #define HAVE_PNG /**/
| #define USE_MGL2 1 
| #define HAVE_VIGRA /**/
| #define HAVE__BOOL 1
| #define HAVE_STDBOOL_H 1
| #define HAVE_ATEXIT 1
| #define HAVE_GETCWD 1
| #define HAVE_GETTIMEOFDAY 1
| #define HAVE_ISASCII 1
| #define HAVE_MEMSET 1
| /* end confdefs.h.  */
| /* Define pow to an innocuous variant, in case <limits.h> declares pow.
|    For example, HP-UX 11i <limits.h> declares gettimeofday.  */
| #define pow innocuous_pow
| 
| /* System header to define __stub macros and hopefully few prototypes,
|     which can conflict with char pow (); below.
|     Prefer <limits.h> to <assert.h> if __STDC__ is defined, since
|     <limits.h> exists even on freestanding compilers.  */
| 
| #ifdef __STDC__
| # include <limits.h>
| #else
| # include <assert.h>
| #endif
| 
| #undef pow
| 
| /* Override any GCC internal prototype to avoid an error.
|    Use char because int might match the return type of a GCC
|    builtin and then its argument prototype would still apply.  */
| #ifdef __cplusplus
| extern "C"
| #endif
| char pow ();
| /* The GNU C library defines this for functions which it implements
|     to always fail with ENOSYS.  Some functions are actually named
|     something starting with __ and the normal name is an alias.  */
| #if defined __stub_pow || defined __stub___pow
| choke me
| #endif
| 
| int
| main ()
| {
| return pow ();
|   ;
|   return 0;
| }
configure:8073: result: no
configure:8073: checking for setlocale
configure:8073: gcc -o conftest -g -O2    conftest.c  -lopenvdb -ltbb -lHalf >&5
configure:8073: $? = 0
configure:8073: result: yes
configure:8073: checking for strdup
configure:8073: gcc -o conftest -g -O2    conftest.c  -lopenvdb -ltbb -lHalf >&5
conftest.c:63:6: warning: conflicting types for built-in function 'strdup'
 char strdup ();
      ^
configure:8073: $? = 0
configure:8073: result: yes
configure:8073: checking for sysinfo
configure:8073: gcc -o conftest -g -O2    conftest.c  -lopenvdb -ltbb -lHalf >&5
configure:8073: $? = 0
configure:8073: result: yes
configure:8082: checking for inline
configure:8098: gcc -c -g -O2  conftest.c >&5
configure:8098: $? = 0
configure:8106: result: inline
configure:8129: checking fenv.h usability
configure:8129: gcc -c -g -O2  conftest.c >&5
configure:8129: $? = 0
configure:8129: result: yes
configure:8129: checking fenv.h presence
configure:8129: gcc -E  conftest.c
configure:8129: $? = 0
configure:8129: result: yes
configure:8129: checking for fenv.h
configure:8129: result: yes
configure:8129: checking libintl.h usability
configure:8129: gcc -c -g -O2  conftest.c >&5
configure:8129: $? = 0
configure:8129: result: yes
configure:8129: checking libintl.h presence
configure:8129: gcc -E  conftest.c
configure:8129: $? = 0
configure:8129: result: yes
configure:8129: checking for libintl.h
configure:8129: result: yes
configure:8129: checking sys/time.h usability
configure:8129: gcc -c -g -O2  conftest.c >&5
configure:8129: $? = 0
configure:8129: result: yes
configure:8129: checking sys/time.h presence
configure:8129: gcc -E  conftest.c
configure:8129: $? = 0
configure:8129: result: yes
configure:8129: checking for sys/time.h
configure:8129: result: yes
configure:8139: checking for ptrdiff_t
configure:8139: gcc -c -g -O2  conftest.c >&5
configure:8139: $? = 0
configure:8139: gcc -c -g -O2  conftest.c >&5
conftest.c: In function 'main':
conftest.c:81:24: error: expected expression before ')' token
 if (sizeof ((ptrdiff_t)))
                        ^
configure:8139: $? = 1
configure: failed program was:
| /* confdefs.h */
| #define PACKAGE_NAME "3Depict"
| #define PACKAGE_TARNAME "3depict"
| #define PACKAGE_VERSION "0.0.19"
| #define PACKAGE_STRING "3Depict 0.0.19"
| #define PACKAGE_BUGREPORT ""
| #define PACKAGE_URL ""
| #define PACKAGE "3depict"
| #define VERSION "0.0.19"
| #define STDC_HEADERS 1
| #define HAVE_SYS_TYPES_H 1
| #define HAVE_SYS_STAT_H 1
| #define HAVE_STDLIB_H 1
| #define HAVE_STRING_H 1
| #define HAVE_MEMORY_H 1
| #define HAVE_STRINGS_H 1
| #define HAVE_INTTYPES_H 1
| #define HAVE_STDINT_H 1
| #define HAVE_UNISTD_H 1
| #define SIZEOF_SIZE_T 8
| #define HAVE_LIBXML 1
| #define HAVE_FT2BUILD_H 1
| #define HAVE_LIBFREETYPE 1
| #define HAVE_LIBFTGL 1
| #define HAVE_QHULL /**/
| #define HAVE_QHULL /**/
| #define HAVE_PNG /**/
| #define HAVE_PNG /**/
| #define USE_MGL2 1 
| #define HAVE_VIGRA /**/
| #define HAVE__BOOL 1
| #define HAVE_STDBOOL_H 1
| #define HAVE_ATEXIT 1
| #define HAVE_GETCWD 1
| #define HAVE_GETTIMEOFDAY 1
| #define HAVE_ISASCII 1
| #define HAVE_MEMSET 1
| #define HAVE_SETLOCALE 1
| #define HAVE_STRDUP 1
| #define HAVE_SYSINFO 1
| #define HAVE_FENV_H 1
| #define HAVE_LIBINTL_H 1
| #define HAVE_SYS_TIME_H 1
| /* end confdefs.h.  */
| #include <stdio.h>
| #ifdef HAVE_SYS_TYPES_H
| # include <sys/types.h>
| #endif
| #ifdef HAVE_SYS_STAT_H
| # include <sys/stat.h>
| #endif
| #ifdef STDC_HEADERS
| # include <stdlib.h>
| # include <stddef.h>
| #else
| # ifdef HAVE_STDLIB_H
| #  include <stdlib.h>
| # endif
| #endif
| #ifdef HAVE_STRING_H
| # if !defined STDC_HEADERS && defined HAVE_MEMORY_H
| #  include <memory.h>
| # endif
| # include <string.h>
| #endif
| #ifdef HAVE_STRINGS_H
| # include <strings.h>
| #endif
| #ifdef HAVE_INTTYPES_H
| # include <inttypes.h>
| #endif
| #ifdef HAVE_STDINT_H
| # include <stdint.h>
| #endif
| #ifdef HAVE_UNISTD_H
| # include <unistd.h>
| #endif
| int
| main ()
| {
| if (sizeof ((ptrdiff_t)))
| 	    return 0;
|   ;
|   return 0;
| }
configure:8139: result: yes
configure:8280: checking that generated files are newer than configure
configure:8286: result: done
configure:8325: creating ./config.status

## ---------------------- ##
## Running config.status. ##
## ---------------------- ##

This file was extended by 3Depict config.status 0.0.19, which was
generated by GNU Autoconf 2.69.  Invocation command line was

  CONFIG_FILES    = 
  CONFIG_HEADERS  = 
  CONFIG_LINKS    = 
  CONFIG_COMMANDS = 
  $ ./config.status 

on lgartmair-GA-H81M-D2V

config.status:: creating Makefile
config.status:: creating src/Makefile
config.status:: creating config.h
config.status:: config.h is unchanged
config.status:: executing depfiles commands

## ---------------- ##
## Cache variables. ##
## ---------------- ##

ac_cv_build=x86_64-pc-linux-gnu
ac_cv_c_compiler_gnu=yes
ac_cv_c_const=yes
ac_cv_c_inline=inline
ac_cv_c_uint64_t=yes
ac_cv_cxx_compiler_gnu=yes
ac_cv_env_CCC_set=
ac_cv_env_CCC_value=
ac_cv_env_CC_set=
ac_cv_env_CC_value=
ac_cv_env_CFLAGS_set=
ac_cv_env_CFLAGS_value=
ac_cv_env_CPPFLAGS_set=
ac_cv_env_CPPFLAGS_value=
ac_cv_env_CPP_set=
ac_cv_env_CPP_value=
ac_cv_env_CXXCPP_set=
ac_cv_env_CXXCPP_value=
ac_cv_env_CXXFLAGS_set=
ac_cv_env_CXXFLAGS_value=
ac_cv_env_CXX_set=
ac_cv_env_CXX_value=
ac_cv_env_FTGL_CFLAGS_set=
ac_cv_env_FTGL_CFLAGS_value=
ac_cv_env_FTGL_LIBS_set=
ac_cv_env_FTGL_LIBS_value=
ac_cv_env_LDFLAGS_set=
ac_cv_env_LDFLAGS_value=
ac_cv_env_LIBS_set=
ac_cv_env_LIBS_value=
ac_cv_env_PKG_CONFIG_LIBDIR_set=
ac_cv_env_PKG_CONFIG_LIBDIR_value=
ac_cv_env_PKG_CONFIG_PATH_set=
ac_cv_env_PKG_CONFIG_PATH_value=
ac_cv_env_PKG_CONFIG_set=
ac_cv_env_PKG_CONFIG_value=
ac_cv_env_PNG_CFLAGS_set=
ac_cv_env_PNG_CFLAGS_value=
ac_cv_env_PNG_LIBS_set=
ac_cv_env_PNG_LIBS_value=
ac_cv_env_build_alias_set=
ac_cv_env_build_alias_value=
ac_cv_env_host_alias_set=
ac_cv_env_host_alias_value=
ac_cv_env_target_alias_set=
ac_cv_env_target_alias_value=
ac_cv_func_atexit=yes
ac_cv_func_floor=no
ac_cv_func_getcwd=yes
ac_cv_func_gettimeofday=yes
ac_cv_func_isascii=yes
ac_cv_func_memset=yes
ac_cv_func_pow=no
ac_cv_func_setlocale=yes
ac_cv_func_sqrt=no
ac_cv_func_strdup=yes
ac_cv_func_sysinfo=yes
ac_cv_header_fenv_h=yes
ac_cv_header_ft2build_h=yes
ac_cv_header_inttypes_h=yes
ac_cv_header_libintl_h=yes
ac_cv_header_memory_h=yes
ac_cv_header_mgl2_mgl_cf_h=yes
ac_cv_header_png_h=yes
ac_cv_header_qhull_qhull_a_h=yes
ac_cv_header_stdbool_h=yes
ac_cv_header_stdc=yes
ac_cv_header_stdint_h=yes
ac_cv_header_stdlib_h=yes
ac_cv_header_string_h=yes
ac_cv_header_strings_h=yes
ac_cv_header_sys_stat_h=yes
ac_cv_header_sys_time_h=yes
ac_cv_header_sys_types_h=yes
ac_cv_header_unistd_h=yes
ac_cv_header_vigra_multi_array_hxx=yes
ac_cv_host=x86_64-pc-linux-gnu
ac_cv_lib_GLU_gluSphere=yes
ac_cv_lib_freetype_main=yes
ac_cv_lib_ftgl_ftglCreateSimpleLayout=yes
ac_cv_lib_png_png_create_write_struct_2_=yes
ac_cv_lib_png_png_sig_cmp=yes
ac_cv_lib_qhull_qh_qhull=yes
ac_cv_objext=o
ac_cv_path_EGREP='/bin/grep -E'
ac_cv_path_FREETYPE_CONFIG=/usr/bin/freetype-config
ac_cv_path_GREP=/bin/grep
ac_cv_path_GSL_CONFIG=/usr/bin/gsl-config
ac_cv_path_WX_CONFIG_PATH=/usr/local/bin/wx-config
ac_cv_path_ac_pt_PKG_CONFIG=/usr/bin/pkg-config
ac_cv_path_install='/usr/bin/install -c'
ac_cv_path_mkdir=/bin/mkdir
ac_cv_prog_AWK=gawk
ac_cv_prog_CPP='gcc -E'
ac_cv_prog_CXXCPP='g++ -E'
ac_cv_prog_XMLCONFIG=xml2-config
ac_cv_prog_ac_ct_CC=gcc
ac_cv_prog_ac_ct_CXX=g++
ac_cv_prog_cc_c89=
ac_cv_prog_cc_g=yes
ac_cv_prog_cxx_g=yes
ac_cv_prog_make_make_set=yes
ac_cv_sizeof_size_t=8
ac_cv_type__Bool=yes
ac_cv_type_ptrdiff_t=yes
ac_cv_type_size_t=yes
am_cv_CC_dependencies_compiler_type=gcc3
am_cv_CXX_dependencies_compiler_type=gcc3
am_cv_make_support_nested_variables=yes
am_cv_prog_cc_c_o=yes

## ----------------- ##
## Output variables. ##
## ----------------- ##

ACLOCAL='${SHELL} /home/lukas/3Depict_Isosurfaces/missing aclocal-1.15'
AMDEPBACKSLASH='\'
AMDEP_FALSE='#'
AMDEP_TRUE=''
AMTAR='$${TAR-tar}'
AM_BACKSLASH='\'
AM_DEFAULT_V='$(AM_DEFAULT_VERBOSITY)'
AM_DEFAULT_VERBOSITY='1'
AM_V='$(V)'
AUTOCONF='${SHELL} /home/lukas/3Depict_Isosurfaces/missing autoconf'
AUTOHEADER='${SHELL} /home/lukas/3Depict_Isosurfaces/missing autoheader'
AUTOMAKE='${SHELL} /home/lukas/3Depict_Isosurfaces/missing automake-1.15'
AWK='gawk'
CC='gcc'
CCDEPMODE='depmode=gcc3'
CFLAGS='-g -O2'
CPP='gcc -E'
CPPFLAGS=''
CXX='g++'
CXXCPP='g++ -E'
CXXDEPMODE='depmode=gcc3'
CXXFLAGS='-g -O2'
CYGPATH_W='echo'
DEBUG_FLAGS=''
DEFS='-DHAVE_CONFIG_H'
DEPDIR='.deps'
ECHO_C=''
ECHO_N='-n'
ECHO_T=''
EGREP='/bin/grep -E'
EXEEXT=''
FREETYPE_CONFIG='/usr/bin/freetype-config'
FTGL_CFLAGS=''
FTGL_LIBS='-lftgl'
FT_INCLUDES='-I/usr/include/freetype2'
FT_LIBS='-lfreetype'
GETTEXT_LIBS=''
GL_LIBS='-lGL -lGLU'
GREP='/bin/grep'
GSL_CFLAGS='-I/usr/include'
GSL_CONFIG='/usr/bin/gsl-config'
GSL_LIBS='-L/usr/lib/x86_64-linux-gnu -lgsl -lgslcblas -lm'
HAVE_WINDRES_FALSE=''
HAVE_WINDRES_TRUE='#'
INSTALL_DATA='${INSTALL} -m 644'
INSTALL_PROGRAM='${INSTALL}'
INSTALL_SCRIPT='${INSTALL}'
INSTALL_STRIP_PROGRAM='$(install_sh) -c -s'
LDFLAGS=' '
LIBOBJS=''
LIBS=' -lopenvdb -ltbb -lHalf'
LN_S=''
LTLIBOBJS=''
MAKEINFO='${SHELL} /home/lukas/3Depict_Isosurfaces/missing makeinfo'
MGL_CFLAGS=''
MGL_LIBS='-lmgl'
MKDIR_P='/bin/mkdir -p'
OBJEXT='o'
OPENMP_FLAGS=''
PACKAGE='3depict'
PACKAGE_BUGREPORT=''
PACKAGE_NAME='3Depict'
PACKAGE_STRING='3Depict 0.0.19'
PACKAGE_TARNAME='3depict'
PACKAGE_URL=''
PACKAGE_VERSION='0.0.19'
PATH_SEPARATOR=':'
PKG_CONFIG='/usr/bin/pkg-config'
PKG_CONFIG_LIBDIR=''
PKG_CONFIG_PATH=''
PNG_CFLAGS=''
PNG_LIBS='-lpng'
QHULL_CFLAGS=''
QHULL_LIBS='-lqhull'
RANLIB=''
SET_MAKE=''
SHELL='/bin/sh'
STRIP=''
USE_PRECOMPILED_HEADERS_FALSE=''
USE_PRECOMPILED_HEADERS_TRUE='#'
USE_XML_FALSE='#'
USE_XML_TRUE=''
VERSION='0.0.19'
WX_CFLAGS='-I/usr/local/lib/wx/include/gtk2-unicode-3.1 -I/usr/local/include/wx-3.1 -D_FILE_OFFSET_BITS=64 -DWXUSINGDLL -D__WXGTK__ -pthread'
WX_CFLAGS_ONLY='-pthread'
WX_CONFIG_PATH='/usr/local/bin/wx-config'
WX_CPPFLAGS='-I/usr/local/lib/wx/include/gtk2-unicode-3.1 -I/usr/local/include/wx-3.1 -D_FILE_OFFSET_BITS=64 -DWXUSINGDLL -D__WXGTK__'
WX_CXXFLAGS='-I/usr/local/lib/wx/include/gtk2-unicode-3.1 -I/usr/local/include/wx-3.1 -D_FILE_OFFSET_BITS=64 -DWXUSINGDLL -D__WXGTK__ -pthread'
WX_CXXFLAGS_ONLY=''
WX_LIBS='-L/usr/local/lib -pthread   -lwx_gtk2u_xrc-3.1 -lwx_gtk2u_html-3.1 -lwx_gtk2u_qa-3.1 -lwx_gtk2u_adv-3.1 -lwx_gtk2u_core-3.1 -lwx_baseu_xml-3.1 -lwx_baseu_net-3.1 -lwx_baseu-3.1  -L/usr/local/lib -pthread   -lwx_gtk2u_gl-3.1 -lwx_gtk2u_propgrid-3.1 -lwx_baseu-3.1 '
WX_LIBS_STATIC=''
WX_RESCOMP=''
WX_VERSION='3.1.0'
XMLCONFIG='xml2-config'
XML_CFLAGS='-I/usr/include/libxml2'
XML_LIBS='-lxml2'
ac_ct_CC='gcc'
ac_ct_CXX='g++'
am__EXEEXT_FALSE=''
am__EXEEXT_TRUE='#'
am__fastdepCC_FALSE='#'
am__fastdepCC_TRUE=''
am__fastdepCXX_FALSE='#'
am__fastdepCXX_TRUE=''
am__include='include'
am__isrc=''
am__leading_dot='.'
am__nodep='_no'
am__quote=''
am__tar='$${TAR-tar} chof - "$$tardir"'
am__untar='$${TAR-tar} xf -'
bindir='${exec_prefix}/bin'
build='x86_64-pc-linux-gnu'
build_alias=''
build_cpu='x86_64'
build_os='linux-gnu'
build_vendor='pc'
datadir='${datarootdir}'
datarootdir='${prefix}/share'
docdir='${datarootdir}/doc/${PACKAGE_TARNAME}'
dvidir='${docdir}'
exec_prefix='${prefix}'
host='x86_64-pc-linux-gnu'
host_alias=''
host_cpu='x86_64'
host_os='linux-gnu'
host_vendor='pc'
htmldir='${docdir}'
includedir='${prefix}/include'
infodir='${datarootdir}/info'
install_sh='${SHELL} /home/lukas/3Depict_Isosurfaces/install-sh'
libdir='${exec_prefix}/lib'
libexecdir='${exec_prefix}/libexec'
localedir='${datarootdir}/locale'
localstatedir='${prefix}/var'
mandir='${datarootdir}/man'
mkdir_p='$(MKDIR_P)'
oldincludedir='/usr/include'
pdfdir='${docdir}'
prefix='/usr/local'
program_transform_name='s,x,x,'
psdir='${docdir}'
runstatedir='${localstatedir}/run'
sbindir='${exec_prefix}/sbin'
sharedstatedir='${prefix}/com'
sysconfdir='${prefix}/etc'
target_alias=''

## ----------- ##
## confdefs.h. ##
## ----------- ##

/* confdefs.h */
#define PACKAGE_NAME "3Depict"
#define PACKAGE_TARNAME "3depict"
#define PACKAGE_VERSION "0.0.19"
#define PACKAGE_STRING "3Depict 0.0.19"
#define PACKAGE_BUGREPORT ""
#define PACKAGE_URL ""
#define PACKAGE "3depict"
#define VERSION "0.0.19"
#define STDC_HEADERS 1
#define HAVE_SYS_TYPES_H 1
#define HAVE_SYS_STAT_H 1
#define HAVE_STDLIB_H 1
#define HAVE_STRING_H 1
#define HAVE_MEMORY_H 1
#define HAVE_STRINGS_H 1
#define HAVE_INTTYPES_H 1
#define HAVE_STDINT_H 1
#define HAVE_UNISTD_H 1
#define SIZEOF_SIZE_T 8
#define HAVE_LIBXML 1
#define HAVE_FT2BUILD_H 1
#define HAVE_LIBFREETYPE 1
#define HAVE_LIBFTGL 1
#define HAVE_QHULL /**/
#define HAVE_QHULL /**/
#define HAVE_PNG /**/
#define HAVE_PNG /**/
#define USE_MGL2 1 
#define HAVE_VIGRA /**/
#define HAVE__BOOL 1
#define HAVE_STDBOOL_H 1
#define HAVE_ATEXIT 1
#define HAVE_GETCWD 1
#define HAVE_GETTIMEOFDAY 1
#define HAVE_ISASCII 1
#define HAVE_MEMSET 1
#define HAVE_SETLOCALE 1
#define HAVE_STRDUP 1
#define HAVE_SYSINFO 1
#define HAVE_FENV_H 1
#define HAVE_LIBINTL_H 1
#define HAVE_SYS_TIME_H 1
#define HAVE_PTRDIFF_T 1

configure: exit 0

## ---------------------- ##
## Running config.status. ##
## ---------------------- ##

This file was extended by 3Depict config.status 0.0.19, which was
generated by GNU Autoconf 2.69.  Invocation command line was

  CONFIG_FILES    = 
  CONFIG_HEADERS  = 
  CONFIG_LINKS    = 
  CONFIG_COMMANDS = 
  $ ./config.status src/Makefile depfiles

on lgartmair-GA-H81M-D2V

config.status:: creating src/Makefile
config.status:: executing depfiles commands
